Сборка начата 12.12.2024 15:47:55.
Уровень детализации журнала: Normal.     1>Проект "C:\Users\user\Documents\BSTU\2\1\Констуирование Программного Обеспечения\SE_asm04\SE_asm04\SE_asm04.vcxproj" в узле 2 (целевые объекты Build).
     1>PrepareForBuild:
         Структурированный вывод включен. Форматирование диагностики компилятора будет отражать иерархию ошибок. Подробнее см. https://aka.ms/cpp/structured-output.
       InitializeBuildStatus:
         Создание "Debug\SE_asm04.tlog\unsuccessfulbuild", так как было задано "AlwaysCreate".
         Обращение к "Debug\SE_asm04.tlog\unsuccessfulbuild".
       ClCompile:
         C:\Program Files\Microsoft Visual Studio\2022\Community\VC\Tools\MSVC\14.42.34433\bin\HostX86\x86\CL.exe /c /ZI /JMC /nologo /W3 /WX- /diagnostics:column /sdl /Od /Oy- /D WIN32 /D _DEBUG /D _CONSOLE /D _UNICODE /D UNICODE /Gm- /EHsc /RTC1 /MDd /GS /fp:precise /Zc:wchar_t /Zc:forScope /Zc:inline /permissive- /Fo"Debug\\" /Fd"Debug\vc143.pdb" /external:W3 /Gd /TP /analyze- /FC /errorReport:prompt main.cpp
         main.cpp
       Link:
         C:\Program Files\Microsoft Visual Studio\2022\Community\VC\Tools\MSVC\14.42.34433\bin\HostX86\x86\link.exe /ERRORREPORT:PROMPT /OUT:"C:\Users\user\Documents\BSTU\2\1\Констуирование Программного Обеспечения\SE_asm04\Debug\SE_asm04.exe" /INCREMENTAL /ILK:"Debug\SE_asm04.ilk" /NOLOGO kernel32.lib user32.lib gdi32.lib winspool.lib comdlg32.lib advapi32.lib shell32.lib ole32.lib oleaut32.lib uuid.lib odbc32.lib odbccp32.lib /MANIFEST /MANIFESTUAC:"level='asInvoker' uiAccess='false'" /manifest:embed /DEBUG /PDB:"C:\Users\user\Documents\BSTU\2\1\Констуирование Программного Обеспечения\SE_asm04\Debug\SE_asm04.pdb" /SUBSYSTEM:CONSOLE /TLBID:1 /DYNAMICBASE /NXCOMPAT /IMPLIB:"C:\Users\user\Documents\BSTU\2\1\Констуирование Программного Обеспечения\SE_asm04\Debug\SE_asm04.lib" /MACHINE:X86 Debug\main.obj
         SE_asm04.vcxproj -> C:\Users\user\Documents\BSTU\2\1\Констуирование Программного Обеспечения\SE_asm04\Debug\SE_asm04.exe
       FinalizeBuildStatus:
         Файл "Debug\SE_asm04.tlog\unsuccessfulbuild" удаляется.
         Обращение к "Debug\SE_asm04.tlog\SE_asm04.lastbuildstate".
     1>Сборка проекта "C:\Users\user\Documents\BSTU\2\1\Констуирование Программного Обеспечения\SE_asm04\SE_asm04\SE_asm04.vcxproj" завершена (целевые объекты Build).

Сборка успешно завершена.
    Предупреждений: 0
    Ошибок: 0

Прошло времени 00:00:02.62
