Сборка начата 09.11.2023 15:34:46.
Уровень детализации журнала: Normal.     1>Проект "C:\Users\user\source\repos\Lab5\lab6.2\lab6.2.vcxproj" в узле 2 (целевые объекты Build).
     1>PrepareForBuild:
         Создание каталога "x64\Debug\lab6.2.tlog\".
       InitializeBuildStatus:
         Создание "x64\Debug\lab6.2.tlog\unsuccessfulbuild", так как было задано "AlwaysCreate".
         Обращение к "x64\Debug\lab6.2.tlog\unsuccessfulbuild".
       ClCompile:
         C:\Program Files\Microsoft Visual Studio\2022\Community\VC\Tools\MSVC\14.37.32822\bin\HostX64\x64\CL.exe /c /ZI /JMC /nologo /W3 /WX- /diagnostics:column /sdl /Od /D _DEBUG /D _CONSOLE /D _UNICODE /D UNICODE /Gm- /EHsc /RTC1 /MDd /GS /fp:precise /Zc:wchar_t /Zc:forScope /Zc:inline /permissive- /Fo"x64\Debug\\" /Fd"x64\Debug\vc143.pdb" /external:W3 /Gd /TP /FC /errorReport:prompt main.cpp ttt.cpp
         main.cpp
     1>C:\Users\user\source\repos\Lab5\lab6.2\main.cpp(4,1): warning C4326: возвращаемый тип "main" должен быть "int", а не "void"
         ttt.cpp
     1>C:\Users\user\source\repos\Lab5\lab6.2\ttt.cpp(8,16): warning C4244: +=: преобразование "double" в "int", возможна потеря данных
         Создание кода...
       Link:
         C:\Program Files\Microsoft Visual Studio\2022\Community\VC\Tools\MSVC\14.37.32822\bin\HostX64\x64\link.exe /ERRORREPORT:PROMPT /OUT:"C:\Users\user\source\repos\Lab5\x64\Debug\lab6.2.exe" /INCREMENTAL /ILK:"x64\Debug\lab6.2.ilk" /NOLOGO kernel32.lib user32.lib gdi32.lib winspool.lib comdlg32.lib advapi32.lib shell32.lib ole32.lib oleaut32.lib uuid.lib odbc32.lib odbccp32.lib /MANIFEST /MANIFESTUAC:"level='asInvoker' uiAccess='false'" /manifest:embed /DEBUG /PDB:"C:\Users\user\source\repos\Lab5\x64\Debug\lab6.2.pdb" /SUBSYSTEM:CONSOLE /TLBID:1 /DYNAMICBASE /NXCOMPAT /IMPLIB:"C:\Users\user\source\repos\Lab5\x64\Debug\lab6.2.lib" /MACHINE:X64 x64\Debug\main.obj
         x64\Debug\ttt.obj
         lab6.2.vcxproj -> C:\Users\user\source\repos\Lab5\x64\Debug\lab6.2.exe
       FinalizeBuildStatus:
         Файл "x64\Debug\lab6.2.tlog\unsuccessfulbuild" удаляется.
         Обращение к "x64\Debug\lab6.2.tlog\lab6.2.lastbuildstate".
     1>Сборка проекта "C:\Users\user\source\repos\Lab5\lab6.2\lab6.2.vcxproj" завершена (целевые объекты Build).

Сборка успешно завершена.

       "C:\Users\user\source\repos\Lab5\lab6.2\lab6.2.vcxproj" (целевой объект Build ) (1) ->
       (Целевой объект ClCompile) -> 
         C:\Users\user\source\repos\Lab5\lab6.2\main.cpp(4,1): warning C4326: возвращаемый тип "main" должен быть "int", а не "void"
         C:\Users\user\source\repos\Lab5\lab6.2\ttt.cpp(8,16): warning C4244: +=: преобразование "double" в "int", возможна потеря данных

    Предупреждений: 2
    Ошибок: 0

Прошло времени 00:00:03.20
