Сборка начата 03.10.2024 09:41:58.
Уровень детализации журнала: Normal.     1>Проект "C:\Users\user\source\repos\Lab16KPO\Lab16KPO\Lab16KPO.vcxproj" в узле 2 (целевые объекты Build).
     1>PrepareForBuild:
         Структурированный вывод включен. Форматирование диагностики компилятора будет отражать иерархию ошибок. Подробнее см. https://aka.ms/cpp/structured-output.
       InitializeBuildStatus:
         Создание "x64\Debug\Lab16KPO.tlog\unsuccessfulbuild", так как было задано "AlwaysCreate".
         Обращение к "x64\Debug\Lab16KPO.tlog\unsuccessfulbuild".
       ClCompile:
         C:\Program Files\Microsoft Visual Studio\2022\Community\VC\Tools\MSVC\14.40.33807\bin\HostX64\x64\CL.exe /c /ZI /JMC /nologo /W3 /WX- /diagnostics:column /sdl /Od /D _DEBUG /D _CONSOLE /D _UNICODE /D UNICODE /Gm- /EHsc /RTC1 /MDd /GS /fp:precise /Zc:wchar_t /Zc:forScope /Zc:inline /permissive- /Fo"x64\Debug\\" /Fd"x64\Debug\vc143.pdb" /external:W3 /Gd /TP /FC /errorReport:prompt FST.cpp main.cpp
         FST.cpp
     1>C:\Users\user\source\repos\Lab16KPO\Lab16KPO\FST.cpp(59,17): warning C4267: инициализация: преобразование из "size_t" в "short"; возможна потеря данных
         main.cpp
         Создание кода...
       Link:
         C:\Program Files\Microsoft Visual Studio\2022\Community\VC\Tools\MSVC\14.40.33807\bin\HostX64\x64\link.exe /ERRORREPORT:PROMPT /OUT:"C:\Users\user\source\repos\Lab16KPO\x64\Debug\Lab16KPO.exe" /INCREMENTAL /ILK:"x64\Debug\Lab16KPO.ilk" /NOLOGO kernel32.lib user32.lib gdi32.lib winspool.lib comdlg32.lib advapi32.lib shell32.lib ole32.lib oleaut32.lib uuid.lib odbc32.lib odbccp32.lib /MANIFEST /MANIFESTUAC:"level='asInvoker' uiAccess='false'" /manifest:embed /DEBUG /PDB:"C:\Users\user\source\repos\Lab16KPO\x64\Debug\Lab16KPO.pdb" /SUBSYSTEM:CONSOLE /TLBID:1 /DYNAMICBASE /NXCOMPAT /IMPLIB:"C:\Users\user\source\repos\Lab16KPO\x64\Debug\Lab16KPO.lib" /MACHINE:X64 x64\Debug\FST.obj
         x64\Debug\main.obj
         Lab16KPO.vcxproj -> C:\Users\user\source\repos\Lab16KPO\x64\Debug\Lab16KPO.exe
       FinalizeBuildStatus:
         Файл "x64\Debug\Lab16KPO.tlog\unsuccessfulbuild" удаляется.
         Обращение к "x64\Debug\Lab16KPO.tlog\Lab16KPO.lastbuildstate".
     1>Сборка проекта "C:\Users\user\source\repos\Lab16KPO\Lab16KPO\Lab16KPO.vcxproj" завершена (целевые объекты Build).

Сборка успешно завершена.

       "C:\Users\user\source\repos\Lab16KPO\Lab16KPO\Lab16KPO.vcxproj" (целевой объект Build ) (1) ->
       (Целевой объект ClCompile) -> 
         C:\Users\user\source\repos\Lab16KPO\Lab16KPO\FST.cpp(59,17): warning C4267: инициализация: преобразование из "size_t" в "short"; возможна потеря данных

    Предупреждений: 1
    Ошибок: 0

Прошло времени 00:00:01.30
