Сборка начата 28.11.2024 17:15:09.
Уровень детализации журнала: Normal.     1>Проект "C:\Users\user\source\repos\SE_Asm01\SE_ASM02\SE_ASM02.vcxproj" в узле 2 (целевые объекты Build).
     1>PrepareForBuild:
         Структурированный вывод включен. Форматирование диагностики компилятора будет отражать иерархию ошибок. Подробнее см. https://aka.ms/cpp/structured-output.
       InitializeBuildStatus:
         Создание "Debug\SE_ASM02.tlog\unsuccessfulbuild", так как было задано "AlwaysCreate".
         Обращение к "Debug\SE_ASM02.tlog\unsuccessfulbuild".
       _MASM:
         Assembling LP_asm.asm...
         cmd.exe /C "C:\Users\user\AppData\Local\Temp\tmpeb633732a25b4447b53061b275ddea14.cmd"
         ml.exe /c /nologo /Zi /Fo"Debug\LP_asm.obj" /Fl"Debug\\" /W3 /errorReport:prompt  /TaLP_asm.asm
       Link:
         C:\Program Files\Microsoft Visual Studio\2022\Community\VC\Tools\MSVC\14.42.34433\bin\HostX86\x86\link.exe /ERRORREPORT:PROMPT /OUT:"C:\Users\user\source\repos\SE_Asm01\Debug\SE_ASM02.exe" /INCREMENTAL /ILK:"Debug\SE_ASM02.ilk" /NOLOGO kernel32.lib user32.lib gdi32.lib winspool.lib comdlg32.lib advapi32.lib shell32.lib ole32.lib oleaut32.lib uuid.lib odbc32.lib odbccp32.lib /MANIFEST /MANIFESTUAC:"level='asInvoker' uiAccess='false'" /manifest:embed /DEBUG /PDB:"C:\Users\user\source\repos\SE_Asm01\Debug\SE_ASM02.pdb" /SUBSYSTEM:WINDOWS /TLBID:1 /DYNAMICBASE /NXCOMPAT /IMPLIB:"C:\Users\user\source\repos\SE_Asm01\Debug\SE_ASM02.lib" /MACHINE:X86 Debug\LP_asm.obj
         SE_ASM02.vcxproj -> C:\Users\user\source\repos\SE_Asm01\Debug\SE_ASM02.exe
       FinalizeBuildStatus:
         Файл "Debug\SE_ASM02.tlog\unsuccessfulbuild" удаляется.
         Обращение к "Debug\SE_ASM02.tlog\SE_ASM02.lastbuildstate".
     1>Сборка проекта "C:\Users\user\source\repos\SE_Asm01\SE_ASM02\SE_ASM02.vcxproj" завершена (целевые объекты Build).

Сборка успешно завершена.
    Предупреждений: 0
    Ошибок: 0

Прошло времени 00:00:00.55
