Сборка начата 13.09.2024 18:22:12.
Уровень детализации журнала: Normal.     1>Проект "C:\Users\user\source\repos\AISD41\AISD41\AISD41.vcxproj" в узле 2 (целевые объекты Build).
     1>PrepareForBuild:
         Структурированный вывод включен. Форматирование диагностики компилятора будет отражать иерархию ошибок. Подробнее см. https://aka.ms/cpp/structured-output.
       InitializeBuildStatus:
         Создание "x64\Debug\AISD41.tlog\unsuccessfulbuild", так как было задано "AlwaysCreate".
         Обращение к "x64\Debug\AISD41.tlog\unsuccessfulbuild".
       ClCompile:
         C:\Program Files\Microsoft Visual Studio\2022\Community\VC\Tools\MSVC\14.40.33807\bin\HostX64\x64\CL.exe /c /ZI /JMC /nologo /W3 /WX- /diagnostics:column /sdl /Od /D _DEBUG /D _CONSOLE /D _UNICODE /D UNICODE /Gm- /EHsc /RTC1 /MDd /GS /fp:precise /Zc:wchar_t /Zc:forScope /Zc:inline /permissive- /Fo"x64\Debug\\" /Fd"x64\Debug\vc143.pdb" /external:W3 /Gd /TP /FC /errorReport:prompt AISD41.cpp
         AISD41.cpp
       Link:
         C:\Program Files\Microsoft Visual Studio\2022\Community\VC\Tools\MSVC\14.40.33807\bin\HostX64\x64\link.exe /ERRORREPORT:PROMPT /OUT:"C:\Users\user\source\repos\AISD41\x64\Debug\AISD41.exe" /INCREMENTAL /ILK:"x64\Debug\AISD41.ilk" /NOLOGO kernel32.lib user32.lib gdi32.lib winspool.lib comdlg32.lib advapi32.lib shell32.lib ole32.lib oleaut32.lib uuid.lib odbc32.lib odbccp32.lib /MANIFEST /MANIFESTUAC:"level='asInvoker' uiAccess='false'" /manifest:embed /DEBUG /PDB:"C:\Users\user\source\repos\AISD41\x64\Debug\AISD41.pdb" /SUBSYSTEM:CONSOLE /TLBID:1 /DYNAMICBASE /NXCOMPAT /IMPLIB:"C:\Users\user\source\repos\AISD41\x64\Debug\AISD41.lib" /MACHINE:X64 x64\Debug\AISD41.obj
         AISD41.vcxproj -> C:\Users\user\source\repos\AISD41\x64\Debug\AISD41.exe
       FinalizeBuildStatus:
         Файл "x64\Debug\AISD41.tlog\unsuccessfulbuild" удаляется.
         Обращение к "x64\Debug\AISD41.tlog\AISD41.lastbuildstate".
     1>Сборка проекта "C:\Users\user\source\repos\AISD41\AISD41\AISD41.vcxproj" завершена (целевые объекты Build).

Сборка успешно завершена.
    Предупреждений: 0
    Ошибок: 0

Прошло времени 00:00:01.21
