Сборка начата 11.12.2024 22:54:32.
Уровень детализации журнала: Normal.     1>Проект "C:\Users\user\Documents\BSTU\2\1\Констуирование Программного Обеспечения\SE_asm03\SE_asm03\SE_asm03.vcxproj" в узле 2 (целевые объекты Build).
     1>PrepareForBuild:
         Структурированный вывод включен. Форматирование диагностики компилятора будет отражать иерархию ошибок. Подробнее см. https://aka.ms/cpp/structured-output.
       InitializeBuildStatus:
         Обращение к "Debug\SE_asm03.tlog\unsuccessfulbuild".
       _MASM:
         Assembling main.asm...
         cmd.exe /C "C:\Users\user\AppData\Local\Temp\tmpe4ab4483d4ad4c1e9f0cec8745b91f55.cmd"
         ml.exe /c /nologo /Zi /Fo"Debug\main.obj" /Fl"Debug\\" /W3 /errorReport:prompt  /Tamain.asm
       Link:
         C:\Program Files\Microsoft Visual Studio\2022\Community\VC\Tools\MSVC\14.42.34433\bin\HostX86\x86\link.exe /ERRORREPORT:PROMPT /OUT:"C:\Users\user\Documents\BSTU\2\1\Констуирование Программного Обеспечения\SE_asm03\Debug\SE_asm03.exe" /INCREMENTAL /ILK:"Debug\SE_asm03.ilk" /NOLOGO kernel32.lib user32.lib gdi32.lib winspool.lib comdlg32.lib advapi32.lib shell32.lib ole32.lib oleaut32.lib uuid.lib odbc32.lib odbccp32.lib /MANIFEST /MANIFESTUAC:"level='asInvoker' uiAccess='false'" /manifest:embed /DEBUG /PDB:"C:\Users\user\Documents\BSTU\2\1\Констуирование Программного Обеспечения\SE_asm03\Debug\SE_asm03.pdb" /SUBSYSTEM:WINDOWS /TLBID:1 /DYNAMICBASE /NXCOMPAT /IMPLIB:"C:\Users\user\Documents\BSTU\2\1\Констуирование Программного Обеспечения\SE_asm03\Debug\SE_asm03.lib" /MACHINE:X86 Debug\main.obj
         SE_asm03.vcxproj -> C:\Users\user\Documents\BSTU\2\1\Констуирование Программного Обеспечения\SE_asm03\Debug\SE_asm03.exe
       FinalizeBuildStatus:
         Файл "Debug\SE_asm03.tlog\unsuccessfulbuild" удаляется.
         Обращение к "Debug\SE_asm03.tlog\SE_asm03.lastbuildstate".
     1>Сборка проекта "C:\Users\user\Documents\BSTU\2\1\Констуирование Программного Обеспечения\SE_asm03\SE_asm03\SE_asm03.vcxproj" завершена (целевые объекты Build).

Сборка успешно завершена.
    Предупреждений: 0
    Ошибок: 0

Прошло времени 00:00:00.44
