Сборка начата 10.05.2024 18:45:28.
Уровень детализации журнала: Normal.     1>Проект "C:\Users\user\source\repos\SE_Lab07\SE_Lab07\SE_Lab07.vcxproj" в узле 2 (целевые объекты Build).
     1>PrepareForBuild:
         Структурированный вывод включен. Форматирование диагностики компилятора будет отражать иерархию ошибок. Подробнее см. https://aka.ms/cpp/structured-output.
       InitializeBuildStatus:
         Создание "Debug\SE_Lab07.tlog\unsuccessfulbuild", так как было задано "AlwaysCreate".
         Обращение к "Debug\SE_Lab07.tlog\unsuccessfulbuild".
       ClCompile:
         C:\Program Files\Microsoft Visual Studio\2022\Community\VC\Tools\MSVC\14.38.33130\bin\HostX86\x86\CL.exe /c /ZI /JMC /nologo /W3 /WX- /diagnostics:column /sdl /Od /Oy- /D WIN32 /D _DEBUG /D _CONSOLE /D _UNICODE /D UNICODE /Gm- /EHsc /RTC1 /MDd /GS /fp:precise /Zc:wchar_t /Zc:forScope /Zc:inline /permissive- /Fo"Debug\\" /Fd"Debug\vc143.pdb" /external:W3 /Gd /TP /analyze- /FC /errorReport:prompt Call.cpp main.cpp
         Call.cpp
         main.cpp
         Создание кода...
       Link:
         C:\Program Files\Microsoft Visual Studio\2022\Community\VC\Tools\MSVC\14.38.33130\bin\HostX86\x86\link.exe /ERRORREPORT:PROMPT /OUT:"C:\Users\user\source\repos\SE_Lab07\Debug\SE_Lab07.exe" /INCREMENTAL /ILK:"Debug\SE_Lab07.ilk" /NOLOGO kernel32.lib user32.lib gdi32.lib winspool.lib comdlg32.lib advapi32.lib shell32.lib ole32.lib oleaut32.lib uuid.lib odbc32.lib odbccp32.lib /MANIFEST /MANIFESTUAC:"level='asInvoker' uiAccess='false'" /manifest:embed /DEBUG /PDB:"C:\Users\user\source\repos\SE_Lab07\Debug\SE_Lab07.pdb" /SUBSYSTEM:CONSOLE /TLBID:1 /DYNAMICBASE /NXCOMPAT /IMPLIB:"C:\Users\user\source\repos\SE_Lab07\Debug\SE_Lab07.lib" /MACHINE:X86 Debug\Call.obj
         Debug\main.obj
         SE_Lab07.vcxproj -> C:\Users\user\source\repos\SE_Lab07\Debug\SE_Lab07.exe
       FinalizeBuildStatus:
         Файл "Debug\SE_Lab07.tlog\unsuccessfulbuild" удаляется.
         Обращение к "Debug\SE_Lab07.tlog\SE_Lab07.lastbuildstate".
     1>Сборка проекта "C:\Users\user\source\repos\SE_Lab07\SE_Lab07\SE_Lab07.vcxproj" завершена (целевые объекты Build).

Сборка успешно завершена.
    Предупреждений: 0
    Ошибок: 0

Прошло времени 00:00:01.37
