Сборка начата 11.10.2024 18:49:24.
Уровень детализации журнала: Normal.     1>Проект "C:\Users\user\source\repos\lab5Aisd\lab5Aisd\lab5Aisd.vcxproj" в узле 2 (целевые объекты Build).
     1>PrepareForBuild:
         Структурированный вывод включен. Форматирование диагностики компилятора будет отражать иерархию ошибок. Подробнее см. https://aka.ms/cpp/structured-output.
       InitializeBuildStatus:
         Создание "x64\Debug\lab5Aisd.tlog\unsuccessfulbuild", так как было задано "AlwaysCreate".
         Обращение к "x64\Debug\lab5Aisd.tlog\unsuccessfulbuild".
       ClCompile:
         C:\Program Files\Microsoft Visual Studio\2022\Community\VC\Tools\MSVC\14.40.33807\bin\HostX64\x64\CL.exe /c /ZI /JMC /nologo /W3 /WX- /diagnostics:column /sdl /Od /D _DEBUG /D _CONSOLE /D _UNICODE /D UNICODE /Gm- /EHsc /RTC1 /MDd /GS /fp:precise /Zc:wchar_t /Zc:forScope /Zc:inline /permissive- /Fo"x64\Debug\\" /Fd"x64\Debug\vc143.pdb" /external:W3 /Gd /TP /FC /errorReport:prompt main.cpp
         main.cpp
     1>C:\Users\user\source\repos\lab5Aisd\lab5Aisd\main.cpp(106,11): warning C4267: инициализация: преобразование из "size_t" в "int"; возможна потеря данных
     1>C:\Users\user\source\repos\lab5Aisd\lab5Aisd\main.cpp(126,6): warning C4326: возвращаемый тип "main" должен быть "int", а не "void"
       Link:
         C:\Program Files\Microsoft Visual Studio\2022\Community\VC\Tools\MSVC\14.40.33807\bin\HostX64\x64\link.exe /ERRORREPORT:PROMPT /OUT:"C:\Users\user\source\repos\lab5Aisd\x64\Debug\lab5Aisd.exe" /INCREMENTAL /ILK:"x64\Debug\lab5Aisd.ilk" /NOLOGO kernel32.lib user32.lib gdi32.lib winspool.lib comdlg32.lib advapi32.lib shell32.lib ole32.lib oleaut32.lib uuid.lib odbc32.lib odbccp32.lib /MANIFEST /MANIFESTUAC:"level='asInvoker' uiAccess='false'" /manifest:embed /DEBUG /PDB:"C:\Users\user\source\repos\lab5Aisd\x64\Debug\lab5Aisd.pdb" /SUBSYSTEM:CONSOLE /TLBID:1 /DYNAMICBASE /NXCOMPAT /IMPLIB:"C:\Users\user\source\repos\lab5Aisd\x64\Debug\lab5Aisd.lib" /MACHINE:X64 x64\Debug\main.obj
         lab5Aisd.vcxproj -> C:\Users\user\source\repos\lab5Aisd\x64\Debug\lab5Aisd.exe
       FinalizeBuildStatus:
         Файл "x64\Debug\lab5Aisd.tlog\unsuccessfulbuild" удаляется.
         Обращение к "x64\Debug\lab5Aisd.tlog\lab5Aisd.lastbuildstate".
     1>Сборка проекта "C:\Users\user\source\repos\lab5Aisd\lab5Aisd\lab5Aisd.vcxproj" завершена (целевые объекты Build).

Сборка успешно завершена.

       "C:\Users\user\source\repos\lab5Aisd\lab5Aisd\lab5Aisd.vcxproj" (целевой объект Build ) (1) ->
       (Целевой объект ClCompile) -> 
         C:\Users\user\source\repos\lab5Aisd\lab5Aisd\main.cpp(106,11): warning C4267: инициализация: преобразование из "size_t" в "int"; возможна потеря данных
         C:\Users\user\source\repos\lab5Aisd\lab5Aisd\main.cpp(126,6): warning C4326: возвращаемый тип "main" должен быть "int", а не "void"

    Предупреждений: 2
    Ошибок: 0

Прошло времени 00:00:01.43
