Тест без ошибок 
Тест без ошибок 

--—- Протокол ——--
Дата: 28.11.24 16:04:22
--—- Параметры ——--
 -in: 	in.txt
 -out:	in.txt.out
 -log:	in.txt.log
--—- Исходные данные ——-- 
Кол-во символов:	579
Кол-во строк:   	36
Пропущенно:     	0

--—- Представления кода в виде лексем ——-- 

01 tfi|1|(ti|2|,ti|3|)
02 {
03 dti|4|;
04 i|4|=i|2|v(i|2|vi|3|);
05 i|0|i|4|;
06 };
07 tfi|5|(ti|6|,ti|7|)
08 {
09 dti|8|;
10 dtfi|9|(ti|10|,ti|11|,
11 ti|12|);
12 i|8|=i|9|(i|10|,l,l)vi|7|;
13 i|0|i|8|;
14 };
15 m
16 {
17 dti|15|;
18 dti|16|;
19 dti|17|;
20 dti|18|;
21 dti|19|;
22 dti|20|;
23 dtfi|21|(ti|22|);
24 i|15|=l;
25 i|16|=l;
26 i|18|=l;
27 i|19|=l;
28 i|17|=i|1|(i|15|,i|16|);
29 i|20|=i|5|(i|18|,i|19|);
30 pl;
31 pi|17|;
32 l
33 pi|20|;
34 pi|21|(i|20|);
35 i|0|l;
36 };
--—------------------------------------------- Идентификаторы ---------------------------------------——-- 
|  Номер  |    id    | Тип данных |    Тип    | Связь (Номер Лексема Строка) | Значение?
---------------------------------------------------------------------------------------------------------
| 0000001 |       fi |        int |     param |         3        i        0  | 
| 0000002 |        x |        int |     param |         6        i        0  | 
| 0000003 |        y |        int |     param |         9        i        0  | 
| 0000004 |        z |        int |  variable |        14        i        2  | 
| 0000005 |       fs |        str |     param |        33        i        6  | 
| 0000006 |        a |        str |     param |        36        i        6  | 
| 0000007 |        b |        str |     param |        39        i        6  | 
| 0000008 |        c |        str |  variable |        44        i        8  | 
| 0000009 |   substr |        str |  variable |        49        i        9  | 
| 0000010 |        a |        str |     param |        52        i        9  | 
| 0000011 |        p |        int |     param |        55        i        9  | 
| 0000012 |        n |        int |     param |        58        i       10  | 
| 0000013 |  LitINT0 |        int |       lit |        67        l       11  | 1 
| 0000014 |  LitINT1 |        int |       lit |        69        l       11  | 3 
| 0000015 |        x |        int |  variable |        83        i       16  | 
| 0000016 |        y |        int |  variable |        87        i       17  | 
| 0000017 |        z |        int |  variable |        91        i       18  | 
| 0000018 |       sa |        str |  variable |        95        i       19  | 
| 0000019 |       sb |        str |  variable |        99        i       20  | 
| 0000020 |       sc |        str |  variable |       103        i       21  | 
| 0000021 |   strlen |        int |  variable |       108        i       22  | 
| 0000022 |        p |        str |     param |       111        i       22  | 
| 0000023 |  LitINT2 |        int |       lit |       116        l       23  | 1 
| 0000024 |  LitINT3 |        int |       lit |       120        l       24  | 5 
| 0000025 |  LitSTR4 |        str |       lit |       124        l       25  | -1 '1234567890' 
| 0000026 |  LitSTR5 |        str |       lit |       149        l       29  | -1 'контрольный   пример' 
| 0000027 |  LitINT6 |        int |       lit |       154        l       31  | 4 
| 0000028 |  LitINT7 |        int |       lit |       165        l       34  | 0 
---------------------------------------------------------------------------------------------------------
