Сборка начата 28.11.2024 16:04:07.
Уровень детализации журнала: Normal.     1>Проект "C:\Users\user\source\repos\SE_LAb18\SE_LAb18\SE_LAb18.vcxproj" в узле 2 (целевые объекты Build).
     1>PrepareForBuild:
         Структурированный вывод включен. Форматирование диагностики компилятора будет отражать иерархию ошибок. Подробнее см. https://aka.ms/cpp/structured-output.
       InitializeBuildStatus:
         Создание "Debug\SE_LAb18.tlog\unsuccessfulbuild", так как было задано "AlwaysCreate".
         Обращение к "Debug\SE_LAb18.tlog\unsuccessfulbuild".
       ClCompile:
         C:\Program Files\Microsoft Visual Studio\2022\Community\VC\Tools\MSVC\14.42.34433\bin\HostX86\x86\CL.exe /c /ZI /JMC /nologo /W3 /WX- /diagnostics:column /sdl /Od /Oy- /D WIN32 /D _DEBUG /D _CONSOLE /D _UNICODE /D UNICODE /Gm- /EHsc /RTC1 /MDd /GS /fp:precise /Zc:wchar_t /Zc:forScope /Zc:inline /permissive- /Fo"Debug\\" /Fd"Debug\vc143.pdb" /external:W3 /Gd /TP /analyze- /FC /errorReport:prompt FST.cpp
         FST.cpp
     1>C:\Users\user\source\repos\SE_LAb18\SE_LAb18\FST.cpp(61,17): warning C4267: инициализация: преобразование из "size_t" в "short"; возможна потеря данных
     1>C:\Users\user\source\repos\SE_LAb18\SE_LAb18\FST.cpp(405,1): warning C4715: FST::GetLex: значение возвращается не при всех путях выполнения
     1>C:\Users\user\source\repos\SE_LAb18\SE_LAb18\FST.cpp(326,1): warning C4715: FST::GetID: значение возвращается не при всех путях выполнения
       Link:
         C:\Program Files\Microsoft Visual Studio\2022\Community\VC\Tools\MSVC\14.42.34433\bin\HostX86\x86\link.exe /ERRORREPORT:PROMPT /OUT:"C:\Users\user\source\repos\SE_LAb18\Debug\SE_LAb18.exe" /INCREMENTAL /ILK:"Debug\SE_LAb18.ilk" /NOLOGO kernel32.lib user32.lib gdi32.lib winspool.lib comdlg32.lib advapi32.lib shell32.lib ole32.lib oleaut32.lib uuid.lib odbc32.lib odbccp32.lib /MANIFEST /MANIFESTUAC:"level='asInvoker' uiAccess='false'" /manifest:embed /DEBUG /PDB:"C:\Users\user\source\repos\SE_LAb18\Debug\SE_LAb18.pdb" /SUBSYSTEM:CONSOLE /TLBID:1 /DYNAMICBASE /NXCOMPAT /IMPLIB:"C:\Users\user\source\repos\SE_LAb18\Debug\SE_LAb18.lib" /MACHINE:X86 Debug\Error.obj
         Debug\FST.obj
         Debug\In.obj
         Debug\IT.obj
         Debug\Log.obj
         Debug\LT.obj
         Debug\main.obj
         Debug\Out.obj
         Debug\Parm.obj
         SE_LAb18.vcxproj -> C:\Users\user\source\repos\SE_LAb18\Debug\SE_LAb18.exe
       FinalizeBuildStatus:
         Файл "Debug\SE_LAb18.tlog\unsuccessfulbuild" удаляется.
         Обращение к "Debug\SE_LAb18.tlog\SE_LAb18.lastbuildstate".
     1>Сборка проекта "C:\Users\user\source\repos\SE_LAb18\SE_LAb18\SE_LAb18.vcxproj" завершена (целевые объекты Build).

Сборка успешно завершена.

       "C:\Users\user\source\repos\SE_LAb18\SE_LAb18\SE_LAb18.vcxproj" (целевой объект Build ) (1) ->
       (Целевой объект ClCompile) -> 
         C:\Users\user\source\repos\SE_LAb18\SE_LAb18\FST.cpp(61,17): warning C4267: инициализация: преобразование из "size_t" в "short"; возможна потеря данных
         C:\Users\user\source\repos\SE_LAb18\SE_LAb18\FST.cpp(405,1): warning C4715: FST::GetLex: значение возвращается не при всех путях выполнения
         C:\Users\user\source\repos\SE_LAb18\SE_LAb18\FST.cpp(326,1): warning C4715: FST::GetID: значение возвращается не при всех путях выполнения

    Предупреждений: 3
    Ошибок: 0

Прошло времени 00:00:01.18
