Сборка начата 08.12.2023 14:49:54.
Уровень детализации журнала: Normal.     1>Проект "C:\Users\user\source\repos\Lab5\lab8\lab8.vcxproj" в узле 2 (целевые объекты Build).
     1>PrepareForBuild:
         Структурированный вывод включен. Форматирование диагностики компилятора будет отражать иерархию ошибок. Подробнее см. https://aka.ms/cpp/structured-output.
       InitializeBuildStatus:
         Обращение к "x64\Debug\lab8.tlog\unsuccessfulbuild".
       ClCompile:
         C:\Program Files\Microsoft Visual Studio\2022\Community\VC\Tools\MSVC\14.38.33130\bin\HostX64\x64\CL.exe /c /ZI /JMC /nologo /W3 /WX- /diagnostics:column /sdl /Od /D _DEBUG /D _CONSOLE /D _UNICODE /D UNICODE /Gm- /EHsc /RTC1 /MDd /GS /fp:precise /Zc:wchar_t /Zc:forScope /Zc:inline /permissive- /Fo"x64\Debug\\" /Fd"x64\Debug\vc143.pdb" /external:W3 /Gd /TP /FC /errorReport:prompt file_mul.cpp file_sum.cpp main.cpp
         file_mul.cpp
         file_sum.cpp
         main.cpp
         Создание кода...
       Link:
         C:\Program Files\Microsoft Visual Studio\2022\Community\VC\Tools\MSVC\14.38.33130\bin\HostX64\x64\link.exe /ERRORREPORT:PROMPT /OUT:"C:\Users\user\source\repos\Lab5\x64\Debug\lab8.exe" /INCREMENTAL /ILK:"x64\Debug\lab8.ilk" /NOLOGO kernel32.lib user32.lib gdi32.lib winspool.lib comdlg32.lib advapi32.lib shell32.lib ole32.lib oleaut32.lib uuid.lib odbc32.lib odbccp32.lib /MANIFEST /MANIFESTUAC:"level='asInvoker' uiAccess='false'" /manifest:embed /DEBUG /PDB:"C:\Users\user\source\repos\Lab5\x64\Debug\lab8.pdb" /SUBSYSTEM:CONSOLE /TLBID:1 /DYNAMICBASE /NXCOMPAT /IMPLIB:"C:\Users\user\source\repos\Lab5\x64\Debug\lab8.lib" /MACHINE:X64 x64\Debug\file_mul.obj
         x64\Debug\file_sum.obj
         x64\Debug\main.obj
         lab8.vcxproj -> C:\Users\user\source\repos\Lab5\x64\Debug\lab8.exe
       FinalizeBuildStatus:
         Файл "x64\Debug\lab8.tlog\unsuccessfulbuild" удаляется.
         Обращение к "x64\Debug\lab8.tlog\lab8.lastbuildstate".
     1>Сборка проекта "C:\Users\user\source\repos\Lab5\lab8\lab8.vcxproj" завершена (целевые объекты Build).

Сборка успешно завершена.
    Предупреждений: 0
    Ошибок: 0

Прошло времени 00:00:04.12
