Сборка начата 01.03.2024 15:35:49.
Уровень детализации журнала: Normal.     1>Проект "C:\Users\user\source\repos\CPO\CPO\CPO.vcxproj" в узле 2 (целевые объекты Build).
     1>PrepareForBuild:
         Структурированный вывод включен. Форматирование диагностики компилятора будет отражать иерархию ошибок. Подробнее см. https://aka.ms/cpp/structured-output.
       InitializeBuildStatus:
         Создание "x64\Debug\Days Calculator.tlog\unsuccessfulbuild", так как было задано "AlwaysCreate".
         Обращение к "x64\Debug\Days Calculator.tlog\unsuccessfulbuild".
       ClCompile:
         Для всех выходных данных обновления не требуется.
         C:\Program Files\Microsoft Visual Studio\2022\Community\VC\Tools\MSVC\14.38.33130\bin\HostX64\x64\CL.exe /c /ZI /JMC /nologo /W3 /WX- /diagnostics:column /sdl /Od /D _DEBUG /D _CONSOLE /D _UNICODE /D UNICODE /Gm- /EHsc /RTC1 /MDd /GS /fp:precise /Zc:wchar_t /Zc:forScope /Zc:inline /permissive- /Yu"stdafx.h" /Fp"x64\Debug\Days Calculator.pch" /FAcs /Fa"x64\Debug\\" /Fo"x64\Debug\\" /Fd"x64\Debug\vc143.pdb" /external:W3 /Gd /TP /FC /errorReport:prompt main.cpp
         main.cpp
       Link:
         C:\Program Files\Microsoft Visual Studio\2022\Community\VC\Tools\MSVC\14.38.33130\bin\HostX64\x64\link.exe /ERRORREPORT:PROMPT /OUT:"C:\Users\user\source\repos\CPO\x64\Debug\Days Calculator.exe" /INCREMENTAL /ILK:"x64\Debug\Days Calculator.ilk" /NOLOGO kernel32.lib user32.lib gdi32.lib winspool.lib comdlg32.lib advapi32.lib shell32.lib ole32.lib oleaut32.lib uuid.lib odbc32.lib odbccp32.lib /MANIFEST /MANIFESTUAC:"level='asInvoker' uiAccess='false'" /manifest:embed /DEBUG /PDB:"C:\Users\user\source\repos\CPO\x64\Debug\Days Calculator.pdb" /SUBSYSTEM:CONSOLE /TLBID:1 /DYNAMICBASE /NXCOMPAT /IMPLIB:"C:\Users\user\source\repos\CPO\x64\Debug\Days Calculator.lib" /MACHINE:X64 x64\Debug\leap_year_definition.obj
         x64\Debug\main.obj
         x64\Debug\sequential_number_counting.obj
         x64\Debug\stdafx.obj
         CPO.vcxproj -> C:\Users\user\source\repos\CPO\x64\Debug\Days Calculator.exe
       FinalizeBuildStatus:
         Файл "x64\Debug\Days Calculator.tlog\unsuccessfulbuild" удаляется.
         Обращение к "x64\Debug\Days Calculator.tlog\Days Calculator.lastbuildstate".
     1>Сборка проекта "C:\Users\user\source\repos\CPO\CPO\CPO.vcxproj" завершена (целевые объекты Build).

Сборка успешно завершена.
    Предупреждений: 0
    Ошибок: 0

Прошло времени 00:00:00.80
