Сборка начата 20.03.2024 22:48:23.
Уровень детализации журнала: Normal.     1>Проект "C:\Users\user\source\repos\CPO\lab4\lab4.vcxproj" в узле 2 (целевые объекты Build).
     1>PrepareForBuild:
         Структурированный вывод включен. Форматирование диагностики компилятора будет отражать иерархию ошибок. Подробнее см. https://aka.ms/cpp/structured-output.
       InitializeBuildStatus:
         Создание "x64\Debug\lab4.tlog\unsuccessfulbuild", так как было задано "AlwaysCreate".
         Обращение к "x64\Debug\lab4.tlog\unsuccessfulbuild".
       ClCompile:
         C:\Program Files\Microsoft Visual Studio\2022\Community\VC\Tools\MSVC\14.38.33130\bin\HostX64\x64\CL.exe /c /ZI /JMC /nologo /W3 /WX- /diagnostics:column /sdl /Od /D _DEBUG /D _CONSOLE /D _UNICODE /D UNICODE /Gm- /EHsc /RTC1 /MDd /GS /fp:precise /Zc:wchar_t /Zc:forScope /Zc:inline /permissive- /Fo"x64\Debug\\" /Fd"x64\Debug\vc143.pdb" /external:W3 /Gd /TP /FC /errorReport:prompt main.cpp
         main.cpp
     1>C:\Users\user\source\repos\CPO\lab4\main.cpp(43,21): warning C4838: Преобразование из "int" в "year" требует сужающего преобразования.
     1>C:\Users\user\source\repos\CPO\lab4\main.cpp(43,21): warning C4305: инициализация: усечение из "int" в "year"
     1>C:\Users\user\source\repos\CPO\lab4\main.cpp(43,21): warning C4309: инициализация: усечение константного значения
     1>C:\Users\user\source\repos\CPO\lab4\main.cpp(44,21): warning C4838: Преобразование из "int" в "year" требует сужающего преобразования.
     1>C:\Users\user\source\repos\CPO\lab4\main.cpp(44,21): warning C4305: инициализация: усечение из "int" в "year"
     1>C:\Users\user\source\repos\CPO\lab4\main.cpp(44,21): warning C4309: инициализация: усечение константного значения
     1>C:\Users\user\source\repos\CPO\lab4\main.cpp(45,21): warning C4838: Преобразование из "int" в "year" требует сужающего преобразования.
     1>C:\Users\user\source\repos\CPO\lab4\main.cpp(45,21): warning C4305: инициализация: усечение из "int" в "year"
     1>C:\Users\user\source\repos\CPO\lab4\main.cpp(45,21): warning C4309: инициализация: усечение константного значения
       Link:
         C:\Program Files\Microsoft Visual Studio\2022\Community\VC\Tools\MSVC\14.38.33130\bin\HostX64\x64\link.exe /ERRORREPORT:PROMPT /OUT:"C:\Users\user\source\repos\CPO\x64\Debug\lab4.exe" /INCREMENTAL /ILK:"x64\Debug\lab4.ilk" /NOLOGO kernel32.lib user32.lib gdi32.lib winspool.lib comdlg32.lib advapi32.lib shell32.lib ole32.lib oleaut32.lib uuid.lib odbc32.lib odbccp32.lib /MANIFEST /MANIFESTUAC:"level='asInvoker' uiAccess='false'" /manifest:embed /DEBUG /PDB:"C:\Users\user\source\repos\CPO\x64\Debug\lab4.pdb" /SUBSYSTEM:CONSOLE /TLBID:1 /DYNAMICBASE /NXCOMPAT /IMPLIB:"C:\Users\user\source\repos\CPO\x64\Debug\lab4.lib" /MACHINE:X64 x64\Debug\main.obj
         lab4.vcxproj -> C:\Users\user\source\repos\CPO\x64\Debug\lab4.exe
       FinalizeBuildStatus:
         Файл "x64\Debug\lab4.tlog\unsuccessfulbuild" удаляется.
         Обращение к "x64\Debug\lab4.tlog\lab4.lastbuildstate".
     1>Сборка проекта "C:\Users\user\source\repos\CPO\lab4\lab4.vcxproj" завершена (целевые объекты Build).

Сборка успешно завершена.

       "C:\Users\user\source\repos\CPO\lab4\lab4.vcxproj" (целевой объект Build ) (1) ->
       (Целевой объект ClCompile) -> 
         C:\Users\user\source\repos\CPO\lab4\main.cpp(43,21): warning C4838: Преобразование из "int" в "year" требует сужающего преобразования.
         C:\Users\user\source\repos\CPO\lab4\main.cpp(43,21): warning C4305: инициализация: усечение из "int" в "year"
         C:\Users\user\source\repos\CPO\lab4\main.cpp(43,21): warning C4309: инициализация: усечение константного значения
         C:\Users\user\source\repos\CPO\lab4\main.cpp(44,21): warning C4838: Преобразование из "int" в "year" требует сужающего преобразования.
         C:\Users\user\source\repos\CPO\lab4\main.cpp(44,21): warning C4305: инициализация: усечение из "int" в "year"
         C:\Users\user\source\repos\CPO\lab4\main.cpp(44,21): warning C4309: инициализация: усечение константного значения
         C:\Users\user\source\repos\CPO\lab4\main.cpp(45,21): warning C4838: Преобразование из "int" в "year" требует сужающего преобразования.
         C:\Users\user\source\repos\CPO\lab4\main.cpp(45,21): warning C4305: инициализация: усечение из "int" в "year"
         C:\Users\user\source\repos\CPO\lab4\main.cpp(45,21): warning C4309: инициализация: усечение константного значения

    Предупреждений: 9
    Ошибок: 0

Прошло времени 00:00:01.48
