Сборка начата 28.02.2024 15:49:09.
Уровень детализации журнала: Normal.     1>Проект "C:\Users\user\source\repos\AASD\AASD\AASD.vcxproj" в узле 2 (целевые объекты Build).
     1>PrepareForBuild:
         Структурированный вывод включен. Форматирование диагностики компилятора будет отражать иерархию ошибок. Подробнее см. https://aka.ms/cpp/structured-output.
       InitializeBuildStatus:
         Создание "x64\Debug\AASD.tlog\unsuccessfulbuild", так как было задано "AlwaysCreate".
         Обращение к "x64\Debug\AASD.tlog\unsuccessfulbuild".
       ClCompile:
         C:\Program Files\Microsoft Visual Studio\2022\Community\VC\Tools\MSVC\14.38.33130\bin\HostX64\x64\CL.exe /c /ZI /JMC /nologo /W3 /WX- /diagnostics:column /sdl /Od /D _DEBUG /D _CONSOLE /D _UNICODE /D UNICODE /Gm- /EHsc /RTC1 /MDd /GS /fp:precise /Zc:wchar_t /Zc:forScope /Zc:inline /permissive- /Fo"x64\Debug\\" /Fd"x64\Debug\vc143.pdb" /external:W3 /Gd /TP /FC /errorReport:prompt main.cpp
         main.cpp
     1>C:\Users\user\source\repos\AASD\AASD\main.cpp(7,13): warning C4326: возвращаемый тип "main" должен быть "int", а не "void"
     1>C:\Users\user\source\repos\AASD\AASD\main.cpp(16,21): warning C4018: <=: несоответствие типов со знаком и без знака
     1>C:\Users\user\source\repos\AASD\AASD\main.cpp(54,9): warning C4244: return: преобразование "unsigned __int64" в "int", возможна потеря данных
       Link:
         C:\Program Files\Microsoft Visual Studio\2022\Community\VC\Tools\MSVC\14.38.33130\bin\HostX64\x64\link.exe /ERRORREPORT:PROMPT /OUT:"C:\Users\user\source\repos\AASD\x64\Debug\AASD.exe" /INCREMENTAL /ILK:"x64\Debug\AASD.ilk" /NOLOGO kernel32.lib user32.lib gdi32.lib winspool.lib comdlg32.lib advapi32.lib shell32.lib ole32.lib oleaut32.lib uuid.lib odbc32.lib odbccp32.lib /MANIFEST /MANIFESTUAC:"level='asInvoker' uiAccess='false'" /manifest:embed /DEBUG /PDB:"C:\Users\user\source\repos\AASD\x64\Debug\AASD.pdb" /SUBSYSTEM:CONSOLE /TLBID:1 /DYNAMICBASE /NXCOMPAT /IMPLIB:"C:\Users\user\source\repos\AASD\x64\Debug\AASD.lib" /MACHINE:X64 x64\Debug\main.obj
         AASD.vcxproj -> C:\Users\user\source\repos\AASD\x64\Debug\AASD.exe
       FinalizeBuildStatus:
         Файл "x64\Debug\AASD.tlog\unsuccessfulbuild" удаляется.
         Обращение к "x64\Debug\AASD.tlog\AASD.lastbuildstate".
     1>Сборка проекта "C:\Users\user\source\repos\AASD\AASD\AASD.vcxproj" завершена (целевые объекты Build).

Сборка успешно завершена.

       "C:\Users\user\source\repos\AASD\AASD\AASD.vcxproj" (целевой объект Build ) (1) ->
       (Целевой объект ClCompile) -> 
         C:\Users\user\source\repos\AASD\AASD\main.cpp(7,13): warning C4326: возвращаемый тип "main" должен быть "int", а не "void"
         C:\Users\user\source\repos\AASD\AASD\main.cpp(16,21): warning C4018: <=: несоответствие типов со знаком и без знака
         C:\Users\user\source\repos\AASD\AASD\main.cpp(54,9): warning C4244: return: преобразование "unsigned __int64" в "int", возможна потеря данных

    Предупреждений: 3
    Ошибок: 0

Прошло времени 00:00:01.30
