Сборка начата 19.09.2024 17:08:11.
Уровень детализации журнала: Normal.     1>Проект "C:\Users\user\source\repos\SE_LAB14\SE_LAB14\SE_LAB14.vcxproj" в узле 2 (целевые объекты Build).
     1>PrepareForBuild:
         Структурированный вывод включен. Форматирование диагностики компилятора будет отражать иерархию ошибок. Подробнее см. https://aka.ms/cpp/structured-output.
       InitializeBuildStatus:
         Создание "x64\Debug\SE_LAB14.tlog\unsuccessfulbuild", так как было задано "AlwaysCreate".
         Обращение к "x64\Debug\SE_LAB14.tlog\unsuccessfulbuild".
       ClCompile:
         C:\Program Files\Microsoft Visual Studio\2022\Community\VC\Tools\MSVC\14.40.33807\bin\HostX64\x64\CL.exe /c /ZI /JMC /nologo /W3 /WX- /diagnostics:column /sdl /Od /D _DEBUG /D _CONSOLE /D _UNICODE /D UNICODE /Gm- /EHsc /RTC1 /MDd /GS /fp:precise /Zc:wchar_t /Zc:forScope /Zc:inline /permissive- /Fo"x64\Debug\\" /Fd"x64\Debug\vc143.pdb" /external:W3 /Gd /TP /FC /errorReport:prompt In.cpp
         In.cpp
       Link:
         C:\Program Files\Microsoft Visual Studio\2022\Community\VC\Tools\MSVC\14.40.33807\bin\HostX64\x64\link.exe /ERRORREPORT:PROMPT /OUT:"C:\Users\user\source\repos\SE_LAB14\x64\Debug\SE_LAB14.exe" /INCREMENTAL /ILK:"x64\Debug\SE_LAB14.ilk" /NOLOGO kernel32.lib user32.lib gdi32.lib winspool.lib comdlg32.lib advapi32.lib shell32.lib ole32.lib oleaut32.lib uuid.lib odbc32.lib odbccp32.lib /MANIFEST /MANIFESTUAC:"level='asInvoker' uiAccess='false'" /manifest:embed /DEBUG /PDB:"C:\Users\user\source\repos\SE_LAB14\x64\Debug\SE_LAB14.pdb" /SUBSYSTEM:CONSOLE /TLBID:1 /DYNAMICBASE /NXCOMPAT /IMPLIB:"C:\Users\user\source\repos\SE_LAB14\x64\Debug\SE_LAB14.lib" /MACHINE:X64 x64\Debug\Error.obj
         x64\Debug\In.obj
         x64\Debug\Log.obj
         x64\Debug\main.obj
         x64\Debug\Out.obj
         x64\Debug\Parm.obj
         SE_LAB14.vcxproj -> C:\Users\user\source\repos\SE_LAB14\x64\Debug\SE_LAB14.exe
       FinalizeBuildStatus:
         Файл "x64\Debug\SE_LAB14.tlog\unsuccessfulbuild" удаляется.
         Обращение к "x64\Debug\SE_LAB14.tlog\SE_LAB14.lastbuildstate".
     1>Сборка проекта "C:\Users\user\source\repos\SE_LAB14\SE_LAB14\SE_LAB14.vcxproj" завершена (целевые объекты Build).

Сборка успешно завершена.
    Предупреждений: 0
    Ошибок: 0

Прошло времени 00:00:01.79
