Сборка начата 24.11.2023 15:35:30.
Уровень детализации журнала: Normal.     1>Проект "C:\Users\user\source\repos\Lab5\lab6\lab6.vcxproj" в узле 2 (целевые объекты Build).
     1>InitializeBuildStatus:
         Создание "Debug\lab6.tlog\unsuccessfulbuild", так как было задано "AlwaysCreate".
         Обращение к "Debug\lab6.tlog\unsuccessfulbuild".
       ClCompile:
         C:\Program Files\Microsoft Visual Studio\2022\Community\VC\Tools\MSVC\14.37.32822\bin\HostX86\x86\CL.exe /c /ZI /JMC /nologo /W3 /WX- /diagnostics:column /sdl /Od /Oy- /D WIN32 /D _DEBUG /D _CONSOLE /D _UNICODE /D UNICODE /Gm- /EHsc /RTC1 /MDd /GS /fp:precise /Zc:wchar_t /Zc:forScope /Zc:inline /permissive- /Fo"Debug\\" /Fd"Debug\vc143.pdb" /external:W3 /Gd /TP /analyze- /FC /errorReport:prompt main.cpp
         main.cpp
     1>C:\Users\user\source\repos\Lab5\lab6\first_task.h(2,10): warning C4067: непредвиденные лексемы за директивой препроцессора, требуется newline
       Link:
         C:\Program Files\Microsoft Visual Studio\2022\Community\VC\Tools\MSVC\14.37.32822\bin\HostX86\x86\link.exe /ERRORREPORT:PROMPT /OUT:"C:\Users\user\source\repos\Lab5\Debug\lab6.exe" /INCREMENTAL /ILK:"Debug\lab6.ilk" /NOLOGO kernel32.lib user32.lib gdi32.lib winspool.lib comdlg32.lib advapi32.lib shell32.lib ole32.lib oleaut32.lib uuid.lib odbc32.lib odbccp32.lib /MANIFEST /MANIFESTUAC:"level='asInvoker' uiAccess='false'" /manifest:embed /DEBUG /PDB:"C:\Users\user\source\repos\Lab5\Debug\lab6.pdb" /SUBSYSTEM:CONSOLE /TLBID:1 /DYNAMICBASE /NXCOMPAT /IMPLIB:"C:\Users\user\source\repos\Lab5\Debug\lab6.lib" /MACHINE:X86 Debug\error.obj
         Debug\first_task.obj
         Debug\main.obj
         Debug\second_task.obj
         Debug\third_task.obj
         lab6.vcxproj -> C:\Users\user\source\repos\Lab5\Debug\lab6.exe
       FinalizeBuildStatus:
         Файл "Debug\lab6.tlog\unsuccessfulbuild" удаляется.
         Обращение к "Debug\lab6.tlog\lab6.lastbuildstate".
     1>Сборка проекта "C:\Users\user\source\repos\Lab5\lab6\lab6.vcxproj" завершена (целевые объекты Build).

Сборка успешно завершена.

       "C:\Users\user\source\repos\Lab5\lab6\lab6.vcxproj" (целевой объект Build ) (1) ->
       (Целевой объект ClCompile) -> 
         C:\Users\user\source\repos\Lab5\lab6\first_task.h(2,10): warning C4067: непредвиденные лексемы за директивой препроцессора, требуется newline

    Предупреждений: 1
    Ошибок: 0

Прошло времени 00:00:03.07
