Сборка начата 08.12.2023 14:42:08.
Уровень детализации журнала: Normal.     1>Проект "C:\Users\user\source\repos\Lab5\72b\72b.vcxproj" в узле 2 (целевые объекты Build).
     1>PrepareForBuild:
         Структурированный вывод включен. Форматирование диагностики компилятора будет отражать иерархию ошибок. Подробнее см. https://aka.ms/cpp/structured-output.
       InitializeBuildStatus:
         Обращение к "Debug\72b.tlog\unsuccessfulbuild".
       ClCompile:
         C:\Program Files\Microsoft Visual Studio\2022\Community\VC\Tools\MSVC\14.38.33130\bin\HostX86\x86\CL.exe /c /ZI /JMC /nologo /W3 /WX- /diagnostics:column /sdl /Od /Oy- /D WIN32 /D _DEBUG /D _CONSOLE /D _UNICODE /D UNICODE /Gm- /EHsc /RTC1 /MDd /GS /fp:precise /Zc:wchar_t /Zc:forScope /Zc:inline /permissive- /Fo"Debug\\" /Fd"Debug\vc143.pdb" /external:W3 /Gd /TP /analyze- /FC /errorReport:prompt bin_to_ten.cpp "convert_unicode_to_UTF-8.cpp" main.cpp
         bin_to_ten.cpp
     1>C:\Users\user\source\repos\Lab5\72b\bin_to_ten.cpp(6,23): warning C4244: +=: преобразование "double" в "int", возможна потеря данных
         convert_unicode_to_UTF-8.cpp
     1>C:\Users\user\source\repos\Lab5\72b\convert_unicode_to_UTF-8.cpp(7,21): warning C4018: <=: несоответствие типов со знаком и без знака
     1>C:\Users\user\source\repos\Lab5\72b\convert_unicode_to_UTF-8.cpp(29,20): warning C4018: <=: несоответствие типов со знаком и без знака
     1>C:\Users\user\source\repos\Lab5\72b\convert_unicode_to_UTF-8.cpp(12,10): warning C4101: n: неиспользованная локальная переменная
         main.cpp
         Создание кода...
       Link:
         C:\Program Files\Microsoft Visual Studio\2022\Community\VC\Tools\MSVC\14.38.33130\bin\HostX86\x86\link.exe /ERRORREPORT:PROMPT /OUT:"C:\Users\user\source\repos\Lab5\Debug\72b.exe" /INCREMENTAL /ILK:"Debug\72b.ilk" /NOLOGO kernel32.lib user32.lib gdi32.lib winspool.lib comdlg32.lib advapi32.lib shell32.lib ole32.lib oleaut32.lib uuid.lib odbc32.lib odbccp32.lib /MANIFEST /MANIFESTUAC:"level='asInvoker' uiAccess='false'" /manifest:embed /DEBUG /PDB:"C:\Users\user\source\repos\Lab5\Debug\72b.pdb" /SUBSYSTEM:CONSOLE /TLBID:1 /DYNAMICBASE /NXCOMPAT /IMPLIB:"C:\Users\user\source\repos\Lab5\Debug\72b.lib" /MACHINE:X86 Debug\bin_to_ten.obj
         "Debug\convert_unicode_to_UTF-8.obj"
         Debug\main.obj
         72b.vcxproj -> C:\Users\user\source\repos\Lab5\Debug\72b.exe
       FinalizeBuildStatus:
         Файл "Debug\72b.tlog\unsuccessfulbuild" удаляется.
         Обращение к "Debug\72b.tlog\72b.lastbuildstate".
     1>Сборка проекта "C:\Users\user\source\repos\Lab5\72b\72b.vcxproj" завершена (целевые объекты Build).

Сборка успешно завершена.

       "C:\Users\user\source\repos\Lab5\72b\72b.vcxproj" (целевой объект Build ) (1) ->
       (Целевой объект ClCompile) -> 
         C:\Users\user\source\repos\Lab5\72b\bin_to_ten.cpp(6,23): warning C4244: +=: преобразование "double" в "int", возможна потеря данных
         C:\Users\user\source\repos\Lab5\72b\convert_unicode_to_UTF-8.cpp(7,21): warning C4018: <=: несоответствие типов со знаком и без знака
         C:\Users\user\source\repos\Lab5\72b\convert_unicode_to_UTF-8.cpp(29,20): warning C4018: <=: несоответствие типов со знаком и без знака
         C:\Users\user\source\repos\Lab5\72b\convert_unicode_to_UTF-8.cpp(12,10): warning C4101: n: неиспользованная локальная переменная

    Предупреждений: 4
    Ошибок: 0

Прошло времени 00:00:08.54
