Сборка начата 22.11.2024 15:53:12.
Уровень детализации журнала: Normal.     1>Проект "C:\Users\user\source\repos\lab9AISD\lab9AISD\lab9AISD.vcxproj" в узле 2 (целевые объекты Build).
     1>PrepareForBuild:
         Структурированный вывод включен. Форматирование диагностики компилятора будет отражать иерархию ошибок. Подробнее см. https://aka.ms/cpp/structured-output.
       InitializeBuildStatus:
         Обращение к "x64\Debug\lab9AISD.tlog\unsuccessfulbuild".
       ClCompile:
         C:\Program Files\Microsoft Visual Studio\2022\Community\VC\Tools\MSVC\14.42.34433\bin\HostX64\x64\CL.exe /c /ZI /JMC /nologo /W3 /WX- /diagnostics:column /sdl /Od /D _DEBUG /D _CONSOLE /D _UNICODE /D UNICODE /Gm- /EHsc /RTC1 /MDd /GS /fp:precise /Zc:wchar_t /Zc:forScope /Zc:inline /permissive- /Fo"x64\Debug\\" /Fd"x64\Debug\vc143.pdb" /external:W3 /Gd /TP /FC /errorReport:prompt lab9AISD.cpp
         lab9AISD.cpp
     1>C:\Users\user\source\repos\lab9AISD\lab9AISD\lab9AISD.cpp(15,17): warning C4267: инициализация: преобразование из "size_t" в "int"; возможна потеря данных
     1>C:\Users\user\source\repos\lab9AISD\lab9AISD\lab9AISD.cpp(60,19): warning C4267: инициализация: преобразование из "size_t" в "int"; возможна потеря данных
     1>C:\Users\user\source\repos\lab9AISD\lab9AISD\lab9AISD.cpp(89,18): warning C4267: инициализация: преобразование из "size_t" в "int"; возможна потеря данных
       Link:
         C:\Program Files\Microsoft Visual Studio\2022\Community\VC\Tools\MSVC\14.42.34433\bin\HostX64\x64\link.exe /ERRORREPORT:PROMPT /OUT:"C:\Users\user\source\repos\lab9AISD\x64\Debug\lab9AISD.exe" /INCREMENTAL /ILK:"x64\Debug\lab9AISD.ilk" /NOLOGO kernel32.lib user32.lib gdi32.lib winspool.lib comdlg32.lib advapi32.lib shell32.lib ole32.lib oleaut32.lib uuid.lib odbc32.lib odbccp32.lib /MANIFEST /MANIFESTUAC:"level='asInvoker' uiAccess='false'" /manifest:embed /DEBUG /PDB:"C:\Users\user\source\repos\lab9AISD\x64\Debug\lab9AISD.pdb" /SUBSYSTEM:CONSOLE /TLBID:1 /DYNAMICBASE /NXCOMPAT /IMPLIB:"C:\Users\user\source\repos\lab9AISD\x64\Debug\lab9AISD.lib" /MACHINE:X64 x64\Debug\lab9AISD.obj
         lab9AISD.vcxproj -> C:\Users\user\source\repos\lab9AISD\x64\Debug\lab9AISD.exe
       FinalizeBuildStatus:
         Файл "x64\Debug\lab9AISD.tlog\unsuccessfulbuild" удаляется.
         Обращение к "x64\Debug\lab9AISD.tlog\lab9AISD.lastbuildstate".
     1>Сборка проекта "C:\Users\user\source\repos\lab9AISD\lab9AISD\lab9AISD.vcxproj" завершена (целевые объекты Build).

Сборка успешно завершена.

       "C:\Users\user\source\repos\lab9AISD\lab9AISD\lab9AISD.vcxproj" (целевой объект Build ) (1) ->
       (Целевой объект ClCompile) -> 
         C:\Users\user\source\repos\lab9AISD\lab9AISD\lab9AISD.cpp(15,17): warning C4267: инициализация: преобразование из "size_t" в "int"; возможна потеря данных
         C:\Users\user\source\repos\lab9AISD\lab9AISD\lab9AISD.cpp(60,19): warning C4267: инициализация: преобразование из "size_t" в "int"; возможна потеря данных
         C:\Users\user\source\repos\lab9AISD\lab9AISD\lab9AISD.cpp(89,18): warning C4267: инициализация: преобразование из "size_t" в "int"; возможна потеря данных

    Предупреждений: 3
    Ошибок: 0

Прошло времени 00:00:03.09
